<?xml version="1.0" encoding="UTF-8"?>
<!-- Generated by org.testng.reporters.JUnitReportReporter -->
<testsuite hostname="DESKTOP-7QHV7DI" failures="0" tests="1" name="extendsReports.addScreenShotInReport" time="9.929" errors="0" timestamp="2025-07-29T13:55:51 IST" skipped="0">
  <testcase classname="extendsReports.addScreenShotInReport" name="addasacreenshot" time="9.929"/>
</testsuite> <!-- extendsReports.addScreenShotInReport -->
