<?xml version="1.0" encoding="UTF-8"?>
<!-- Generated by org.testng.reporters.JUnitReportReporter -->
<testsuite hostname="DESKTOP-7QHV7DI" failures="0" tests="1" name="demoMaven.Launch" time="9.684" errors="0" timestamp="2025-07-25T13:46:05 IST" skipped="0">
  <testcase classname="demoMaven.Launch" name="launch" time="9.684"/>
</testsuite> <!-- demoMaven.Launch -->
