<?xml version="1.0" encoding="UTF-8"?>
<!-- Generated by org.testng.reporters.JUnitReportReporter -->
<testsuite hostname="DESKTOP-7QHV7DI" failures="0" tests="1" name="extendsReports.LearnExtendReport" time="1.346" errors="0" timestamp="2025-07-29T13:29:12 IST" skipped="0">
  <testcase classname="extendsReports.LearnExtendReport" name="createReport" time="1.346"/>
</testsuite> <!-- extendsReports.LearnExtendReport -->
