<?xml version="1.0" encoding="UTF-8"?>
<!-- Generated by org.testng.reporters.JUnitReportReporter -->
<testsuite hostname="DESKTOP-7QHV7DI" failures="0" tests="1" name="demoMaven.SampleTest" time="0.021" errors="0" timestamp="2025-07-25T14:02:28 IST" skipped="0">
  <testcase classname="demoMaven.SampleTest" name="launch" time="0.021">
    <system-out>
      <![CDATA[yes]]>
    </system-out>
  </testcase> <!-- launch -->
  <system-out>
    <![CDATA[yes]]>
  </system-out>
</testsuite> <!-- demoMaven.SampleTest -->
