<?xml version="1.0" encoding="UTF-8"?>
<!-- Generated by org.testng.reporters.JUnitReportReporter -->
<testsuite hostname="DESKTOP-7QHV7DI" failures="0" tests="1" name="TestNgBatchExecution.Ntorque" time="10.657" errors="0" timestamp="2025-07-18T15:00:19 IST" skipped="0">
  <testcase classname="TestNgBatchExecution.Ntorque" name="launch" time="10.657">
    <system-out>
      <![CDATA[ntorque launcg]]>
    </system-out>
  </testcase> <!-- launch -->
  <system-out>
    <![CDATA[ntorque launcg
access launcg
activa launcg]]>
  </system-out>
</testsuite> <!-- TestNgBatchExecution.Ntorque -->
