<?xml version="1.0" encoding="UTF-8"?>
<!-- Generated by org.testng.reporters.JUnitReportReporter -->
<testsuite hostname="DESKTOP-7QHV7DI" failures="0" tests="1" name="Project2.TestScriptProject" time="27.683" errors="0" timestamp="2025-07-22T12:13:52 IST" skipped="0">
  <testcase classname="Project2.TestScriptProject" name="clickOnBooks" time="27.683">
    <system-out>
      <![CDATA[book page is not displayed]]>
    </system-out>
  </testcase> <!-- clickOnBooks -->
  <system-out>
    <![CDATA[book page is not displayed]]>
  </system-out>
</testsuite> <!-- Project2.TestScriptProject -->
