<?xml version="1.0" encoding="UTF-8"?>
<!-- Generated by org.testng.reporters.JUnitReportReporter -->
<testsuite hostname="DESKTOP-7QHV7DI" failures="0" tests="1" name="TestNgBatchExecution.Activa" time="39.238" errors="0" timestamp="2025-07-18T15:00:19 IST" skipped="0">
  <testcase classname="TestNgBatchExecution.Activa" name="launch" time="39.238">
    <system-out>
      <![CDATA[activa launcg]]>
    </system-out>
  </testcase> <!-- launch -->
  <system-out>
    <![CDATA[activa launcg]]>
  </system-out>
</testsuite> <!-- TestNgBatchExecution.Activa -->
