<?xml version="1.0" encoding="UTF-8"?>
<!-- Generated by org.testng.reporters.JUnitReportReporter -->
<testsuite hostname="DESKTOP-7QHV7DI" failures="0" tests="1" name="AssertionS.LearnSoftAssert" time="111.138" errors="0" timestamp="2025-07-22T16:15:26 IST" skipped="0">
  <testcase classname="AssertionS.LearnSoftAssert" name="login" time="111.138">
    <system-out>
      <![CDATA[login page is displayed
home page is displayed]]>
    </system-out>
  </testcase> <!-- login -->
  <system-out>
    <![CDATA[login page is displayed
home page is displayed]]>
  </system-out>
</testsuite> <!-- AssertionS.LearnSoftAssert -->
