<?xml version="1.0" encoding="UTF-8"?>
<!-- Generated by org.testng.reporters.JUnitReportReporter -->
<testsuite hostname="DESKTOP-7QHV7DI" failures="0" tests="1" name="AssertionS.LearnHardAssertion" time="11.084" errors="0" timestamp="2025-07-22T15:53:42 IST" skipped="0">
  <testcase classname="AssertionS.LearnHardAssertion" name="login" time="11.084">
    <system-out>
      <![CDATA[login page is displayed
home page is displayed]]>
    </system-out>
  </testcase> <!-- login -->
  <system-out>
    <![CDATA[login page is displayed
home page is displayed]]>
  </system-out>
</testsuite> <!-- AssertionS.LearnHardAssertion -->
