<?xml version="1.0" encoding="UTF-8"?>
<!-- Generated by org.testng.reporters.JUnitReportReporter -->
<testsuite hostname="DESKTOP-7QHV7DI" failures="0" tests="1" name="TestNgBatchExecution.Access" time="6.335" errors="0" timestamp="2025-07-18T15:48:58 IST" skipped="0">
  <testcase classname="TestNgBatchExecution.Access" name="launch" time="6.335">
    <system-out>
      <![CDATA[access launcg]]>
    </system-out>
  </testcase> <!-- launch -->
  <system-out>
    <![CDATA[access launcg]]>
  </system-out>
</testsuite> <!-- TestNgBatchExecution.Access -->
