<?xml version="1.0" encoding="UTF-8"?>
<!-- Generated by org.testng.reporters.JUnitReportReporter -->
<testsuite hostname="DESKTOP-7QHV7DI" failures="0" tests="1" name="TestNgg.ToLearnTestNg" time="0.029" errors="0" timestamp="2025-07-16T15:22:09 IST" skipped="0">
  <testcase classname="TestNgg.ToLearnTestNg" name="demo" time="0.029">
    <system-out>
      <![CDATA[welcome to TestNg]]>
    </system-out>
  </testcase> <!-- demo -->
  <system-out>
    <![CDATA[welcome to TestNg]]>
  </system-out>
</testsuite> <!-- TestNgg.ToLearnTestNg -->
