<?xml version="1.0" encoding="UTF-8"?>
<!-- Generated by org.testng.reporters.JUnitReportReporter -->
<testsuite hostname="DESKTOP-7QHV7DI" failures="0" tests="2" name="TestNgg.AnnotationAttribute" time="9.914" errors="0" timestamp="2025-07-16T16:26:04 IST" skipped="0">
  <testcase classname="TestNgg.AnnotationAttribute" name="register" time="5.608"/>
  <testcase classname="TestNgg.AnnotationAttribute" name="login" time="4.306"/>
</testsuite> <!-- TestNgg.AnnotationAttribute -->
