<?xml version="1.0" encoding="UTF-8"?>
<!-- Generated by org.testng.reporters.JUnitReportReporter -->
<testsuite hostname="DESKTOP-7QHV7DI" failures="0" tests="3" name="dataProvider.LearnDataProvider" time="12.562" errors="0" timestamp="2025-07-23T15:47:25 IST" skipped="0">
  <testcase classname="dataProvider.LearnDataProvider" name="login" time="5.215"/>
  <testcase classname="dataProvider.LearnDataProvider" name="login" time="2.965"/>
  <testcase classname="dataProvider.LearnDataProvider" name="login" time="4.382"/>
</testsuite> <!-- dataProvider.LearnDataProvider -->
